#
# There is insufficient memory for the Java Runtime Environment to continue.
# Native memory allocation (malloc) failed to allocate 1270656 bytes for Chunk::new
# Possible reasons:
#   The system is out of physical RAM or swap space
#   The process is running with CompressedOops enabled, and the Java Heap may be blocking the growth of the native heap
# Possible solutions:
#   Reduce memory load on the system
#   Increase physical memory or swap space
#   Check if swap backing store is full
#   Decrease Java heap size (-Xmx/-Xms)
#   Decrease number of Java threads
#   Decrease Java thread stack sizes (-Xss)
#   Set larger code cache with -XX:ReservedCodeCacheSize=
#   JVM is running with Unscaled Compressed Oops mode in which the Java heap is
#     placed in the first 4GB address space. The Java Heap base address is the
#     maximum limit for the native heap growth. Please use -XX:HeapBaseMinAddress
#     to set the Java Heap base and to place the Java Heap above 4GB virtual address.
# This output file may be truncated or incomplete.
#
#  Out of Memory Error (allocation.cpp:389), pid=22584, tid=0x0000000000005b9c
#
# JRE version: OpenJDK Runtime Environment (8.0_242-b01) (build 1.8.0_242-release-1644-b01)
# Java VM: OpenJDK 64-Bit Server VM (25.242-b01 mixed mode windows-amd64 compressed oops)
# Failed to write core dump. Minidumps are not enabled by default on client versions of Windows
#

---------------  T H R E A D  ---------------

Current thread (0x0000000018ffe800):  JavaThread "C2 CompilerThread1" daemon [_thread_in_native, id=23452, stack(0x00000000196b0000,0x00000000197b0000)]

Stack: [0x00000000196b0000,0x00000000197b0000]
[error occurred during error reporting (printing stack bounds), id 0xc0000005]

Native frames: (J=compiled Java code, j=interpreted, Vv=VM code, C=native code)


Current CompileTask:
C2: 232366 19640       4       com.android.tools.r8.ir.regalloc.a::a (3993 bytes)


---------------  P R O C E S S  ---------------

Java Threads: ( => current thread )
  0x00000000202d1800 JavaThread "Cache worker for Java compile cache (E:\AndroidTest\FaceRecongnition\.gradle\6.1.1\javaCompile)" [_thread_blocked, id=11480, stack(0x0000000029ab0000,0x0000000029bb0000)]
  0x0000000020256800 JavaThread "WorkerExecutor Queue Thread 7" [_thread_blocked, id=12764, stack(0x0000000029670000,0x0000000029770000)]
  0x0000000020256000 JavaThread "stdout" [_thread_in_native, id=26000, stack(0x0000000029060000,0x0000000029160000)]
  0x0000000020255000 JavaThread "stderr" [_thread_in_native, id=19880, stack(0x0000000028f60000,0x0000000029060000)]
  0x0000000020253800 JavaThread "stdout" [_thread_in_native, id=7088, stack(0x00000000299b0000,0x0000000029ab0000)]
  0x000000002024c000 JavaThread "stderr" [_thread_in_native, id=15616, stack(0x00000000298b0000,0x00000000299b0000)]
  0x000000002024a800 JavaThread "stdout" [_thread_in_native, id=19660, stack(0x00000000297b0000,0x00000000298b0000)]
  0x0000000020250800 JavaThread "stderr" [_thread_in_native, id=8484, stack(0x0000000029360000,0x0000000029460000)]
  0x0000000020251800 JavaThread "stdout" [_thread_in_native, id=25768, stack(0x0000000029570000,0x0000000029670000)]
  0x000000002024f000 JavaThread "stderr" [_thread_in_native, id=25348, stack(0x0000000029470000,0x0000000029570000)]
  0x0000000020250000 JavaThread "stdout" [_thread_in_native, id=25376, stack(0x0000000028e60000,0x0000000028f60000)]
  0x000000002024a000 JavaThread "stderr" [_thread_in_native, id=24680, stack(0x0000000028d60000,0x0000000028e60000)]
  0x0000000019c3d000 JavaThread "stdout" [_thread_in_native, id=7960, stack(0x0000000028a60000,0x0000000028b60000)]
  0x0000000019c3c800 JavaThread "stderr" [_thread_in_native, id=17876, stack(0x0000000028960000,0x0000000028a60000)]
  0x0000000019c3b800 JavaThread "pool-9-thread-1" [_thread_blocked, id=19724, stack(0x0000000028860000,0x0000000028960000)]
  0x0000000019c40000 JavaThread "WorkerExecutor Queue Thread 5" [_thread_blocked, id=15980, stack(0x0000000027e60000,0x0000000027f60000)]
  0x0000000019c35800 JavaThread "WorkerExecutor Queue" [_thread_blocked, id=4824, stack(0x0000000026b60000,0x0000000026c60000)]
  0x0000000019c32800 JavaThread "Cache worker for execution history cache (E:\AndroidTest\FaceRecongnition\.gradle\6.1.1\executionHistory)" [_thread_blocked, id=5392, stack(0x0000000026a60000,0x0000000026b60000)]
  0x0000000019c33000 JavaThread "Execution worker for ':' Thread 5" [_thread_in_Java, id=3228, stack(0x0000000025990000,0x0000000025a90000)]
  0x0000000019c38800 JavaThread "Execution worker for ':' Thread 4" [_thread_in_Java, id=23976, stack(0x0000000025890000,0x0000000025990000)]
  0x0000000019c36000 JavaThread "Execution worker for ':' Thread 3" [_thread_blocked, id=25684, stack(0x0000000025590000,0x0000000025690000)]
  0x0000000019c37000 JavaThread "Execution worker for ':' Thread 2" [_thread_in_Java, id=5452, stack(0x0000000025290000,0x0000000025390000)]
  0x0000000019c39800 JavaThread "Execution worker for ':'" [_thread_in_Java, id=10356, stack(0x0000000024f90000,0x0000000025090000)]
  0x0000000019c31800 JavaThread "Cache worker for file content cache (E:\AndroidTest\FaceRecongnition\.gradle\6.1.1\fileContent)" [_thread_blocked, id=6312, stack(0x00000000247d0000,0x00000000248d0000)]
  0x000000001a838800 JavaThread "Cache worker for Build Output Cleanup Cache (E:\AndroidTest\FaceRecongnition\.gradle\buildOutputCleanup)" [_thread_blocked, id=26056, stack(0x00000000246d0000,0x00000000247d0000)]
  0x000000001a838000 JavaThread "pool-8-thread-1" [_thread_blocked, id=26240, stack(0x0000000023ba0000,0x0000000023ca0000)]
  0x000000001a837000 JavaThread "Build operations Thread 6" [_thread_blocked, id=20580, stack(0x00000000238a0000,0x00000000239a0000)]
  0x000000001a83b800 JavaThread "Build operations Thread 5" [_thread_blocked, id=11668, stack(0x00000000237a0000,0x00000000238a0000)]
  0x000000001a83a000 JavaThread "Build operations Thread 4" [_thread_blocked, id=21040, stack(0x00000000236a0000,0x00000000237a0000)]
  0x000000001a839800 JavaThread "Build operations Thread 3" [_thread_blocked, id=24756, stack(0x00000000235a0000,0x00000000236a0000)]
  0x000000001a82f800 JavaThread "Build operations Thread 2" [_thread_blocked, id=8652, stack(0x00000000234a0000,0x00000000235a0000)]
  0x000000001a836800 JavaThread "Build operations" [_thread_blocked, id=12452, stack(0x0000000022170000,0x0000000022270000)]
  0x000000001a82f000 JavaThread "Cache worker for cache directory md-rule (C:\Users\DF\.gradle\caches\6.1.1\md-rule)" [_thread_blocked, id=11016, stack(0x00000000211f0000,0x00000000212f0000)]
  0x000000001a833800 JavaThread "Cache worker for cache directory md-supplier (C:\Users\DF\.gradle\caches\6.1.1\md-supplier)" [_thread_blocked, id=26300, stack(0x0000000020df0000,0x0000000020ef0000)]
  0x000000001a832800 JavaThread "Cache worker for file hash cache (E:\AndroidTest\FaceRecongnition\.gradle\6.1.1\fileHashes)" [_thread_blocked, id=26336, stack(0x0000000020cf0000,0x0000000020df0000)]
  0x000000001a834000 JavaThread "Cache worker for checksums cache (E:\AndroidTest\FaceRecongnition\.gradle\checksums)" [_thread_blocked, id=18764, stack(0x000000001d020000,0x000000001d120000)]
  0x000000001a835000 JavaThread "Thread-100" [_thread_blocked, id=24336, stack(0x000000001cd20000,0x000000001ce20000)]
  0x000000001a832000 JavaThread "Stdin handler" [_thread_blocked, id=25960, stack(0x000000001cc20000,0x000000001cd20000)]
  0x000000001a835800 JavaThread "Asynchronous log dispatcher for DefaultDaemonConnection: socket connection from /127.0.0.1:55976 to /127.0.0.1:53953" [_thread_blocked, id=16840, stack(0x000000001c920000,0x000000001ca20000)]
  0x000000001a82c800 JavaThread "Cancel handler" [_thread_blocked, id=25868, stack(0x00000000007f0000,0x00000000008f0000)]
  0x000000001a82e000 JavaThread "Handler for socket connection from /127.0.0.1:55976 to /127.0.0.1:53953" [_thread_in_native, id=3248, stack(0x00000000006f0000,0x00000000007f0000)]
  0x000000001a831000 JavaThread "ForkJoinPool.commonPool-worker-5" daemon [_thread_blocked, id=26508, stack(0x0000000028c60000,0x0000000028d60000)]
  0x000000001a830800 JavaThread "ForkJoinPool.commonPool-worker-4" daemon [_thread_blocked, id=26264, stack(0x0000000028b60000,0x0000000028c60000)]
  0x0000000019c3f800 JavaThread "ForkJoinPool.commonPool-worker-1" daemon [_thread_blocked, id=26284, stack(0x0000000028660000,0x0000000028760000)]
  0x0000000019c34800 JavaThread "Cache worker for Java compile cache (C:\Users\DF\.gradle\caches\6.1.1\javaCompile)" [_thread_blocked, id=25836, stack(0x0000000027d60000,0x0000000027e60000)]
  0x00000000202cd000 JavaThread "Daemon worker Thread 2" [_thread_in_Java, id=11056, stack(0x000000001c820000,0x000000001c920000)]
  0x00000000202ca000 JavaThread "Daemon Thread 2" [_thread_blocked, id=26392, stack(0x00000000004d0000,0x00000000005d0000)]
  0x00000000202d3000 JavaThread "Cache worker for file content cache (C:\Users\DF\.gradle\caches\6.1.1\fileContent)" [_thread_blocked, id=24448, stack(0x00000000245d0000,0x00000000246d0000)]
  0x00000000202d2800 JavaThread "Memory manager" [_thread_blocked, id=14016, stack(0x00000000242a0000,0x00000000243a0000)]
  0x000000001b726800 JavaThread "Cache worker for execution history cache (C:\Users\DF\.gradle\caches\6.1.1\executionHistory)" [_thread_blocked, id=13500, stack(0x0000000020ef0000,0x0000000020ff0000)]
  0x000000001b722000 JavaThread "Cache worker for file hash cache (C:\Users\DF\.gradle\caches\6.1.1\fileHashes)" [_thread_blocked, id=24740, stack(0x000000001d620000,0x000000001d720000)]
  0x000000001b726000 JavaThread "File lock request listener" [_thread_in_native, id=23324, stack(0x000000001d520000,0x000000001d620000)]
  0x000000001b75e000 JavaThread "Cache worker for journal cache (C:\Users\DF\.gradle\caches\journal-1)" [_thread_blocked, id=23672, stack(0x000000001d320000,0x000000001d420000)]
  0x000000001b636800 JavaThread "Daemon periodic checks" [_thread_blocked, id=25156, stack(0x000000001c720000,0x000000001c820000)]
  0x000000001b5ce800 JavaThread "Incoming local TCP Connector on port 55976" [_thread_in_native, id=1320, stack(0x000000001c570000,0x000000001c670000)]
  0x000000001b4ce800 JavaThread "Daemon health stats" [_thread_blocked, id=13072, stack(0x000000001c450000,0x000000001c550000)]
  0x000000001908a800 JavaThread "Service Thread" daemon [_thread_blocked, id=1136, stack(0x00000000198b0000,0x00000000199b0000)]
  0x0000000019001000 JavaThread "C1 CompilerThread2" daemon [_thread_blocked, id=24444, stack(0x00000000197b0000,0x00000000198b0000)]
=>0x0000000018ffe800 JavaThread "C2 CompilerThread1" daemon [_thread_in_native, id=23452, stack(0x00000000196b0000,0x00000000197b0000)]
  0x00000000175de000 JavaThread "C2 CompilerThread0" daemon [_thread_in_native, id=8396, stack(0x00000000195b0000,0x00000000196b0000)]
  0x0000000018ffb800 JavaThread "Attach Listener" daemon [_thread_blocked, id=21172, stack(0x00000000194b0000,0x00000000195b0000)]
  0x00000000175d1000 JavaThread "Signal Dispatcher" daemon [_thread_blocked, id=25556, stack(0x00000000193b0000,0x00000000194b0000)]
  0x000000000275c000 JavaThread "Finalizer" daemon [_thread_blocked, id=10824, stack(0x0000000018e50000,0x0000000018f50000)]
  0x00000000175ab800 JavaThread "Reference Handler" daemon [_thread_blocked, id=10928, stack(0x0000000018d50000,0x0000000018e50000)]
  0x00000000009ed800 JavaThread "main" [_thread_blocked, id=6268, stack(0x0000000002210000,0x0000000002310000)]

Other Threads:
  0x0000000017586800 VMThread [stack: 0x0000000018c50000,0x0000000018d50000] [id=6264]
  0x000000001908c800 WatcherThread [stack: 0x00000000199b0000,0x0000000019ab0000] [id=8696]

VM state:not at safepoint (normal execution)

VM Mutex/Monitor currently owned by a thread: None

OutOfMemory and StackOverflow Exception counts:
OutOfMemoryError java_heap_errors=1

heap address: 0x0000000080000000, size: 2048 MB, Compressed Oops mode: 32-bit
Narrow klass base: 0x0000000000000000, Narrow klass shift: 3
Compressed class space size: 1073741824 Address: 0x0000000100000000

Heap:
 PSYoungGen      total 364544K, used 142521K [0x00000000d5580000, 0x00000000f0080000, 0x0000000100000000)
  eden space 335872K, 41% used [0x00000000d5580000,0x00000000ddc49a80,0x00000000e9d80000)
  from space 28672K, 15% used [0x00000000ec080000,0x00000000ec4e4d00,0x00000000edc80000)
  to   space 35840K, 0% used [0x00000000e9d80000,0x00000000e9d80000,0x00000000ec080000)
 ParOldGen       total 269824K, used 102309K [0x0000000080000000, 0x0000000090780000, 0x00000000d5580000)
  object space 269824K, 37% used [0x0000000080000000,0x00000000863e9670,0x0000000090780000)
 Metaspace       used 96605K, capacity 101484K, committed 101672K, reserved 1136640K
  class space    used 12544K, capacity 13521K, committed 13616K, reserved 1048576K

Card table byte_map: [0x0000000011b20000,0x0000000011f30000] byte_map_base: 0x0000000011720000

Marking Bits: (ParMarkBitMap*) 0x000000005ff4f030
 Begin Bits: [0x00000000127e0000, 0x00000000147e0000)
 End Bits:   [0x00000000147e0000, 0x00000000167e0000)

Polling page: 0x00000000005d0000

CodeCache: size=245760Kb used=54132Kb max_used=54132Kb free=191627Kb
 bounds [0x0000000002760000, 0x0000000005c80000, 0x0000000011760000]
 total_blobs=17268 nmethods=16380 adapters=797
 compilation: enabled

Compilation events (10 events):
Event: 232.341 Thread 0x0000000019001000 19786 %     3       com.android.tools.r8.ir.conversion.o::a @ 229 (270 bytes)
Event: 232.343 Thread 0x0000000019001000 nmethod 19786% 0x0000000005c6b790 code [0x0000000005c6bb60, 0x0000000005c6da48]
Event: 232.344 Thread 0x0000000019001000 19787       2       java.util.ArrayList::listIterator (49 bytes)
Event: 232.344 Thread 0x0000000019001000 nmethod 19787 0x0000000005c6ea10 code [0x0000000005c6ebc0, 0x0000000005c6f058]
Event: 232.345 Thread 0x0000000019001000 19788  s    2       com.android.tools.build.apkzlib.bytestorage.OverflowToDiskByteStorage::getBytesUsed (16 bytes)
Event: 232.345 Thread 0x0000000019001000 nmethod 19788 0x0000000005c6f2d0 code [0x0000000005c6f440, 0x0000000005c6fa30]
Event: 232.345 Thread 0x0000000019001000 19789  s    2       com.android.tools.build.apkzlib.bytestorage.TemporaryDirectoryStorage::getBytesUsed (5 bytes)
Event: 232.346 Thread 0x0000000019001000 nmethod 19789 0x0000000005c6fbd0 code [0x0000000005c6fd20, 0x0000000005c6ffd0]
Event: 232.350 Thread 0x0000000019001000 19790       3       com.android.tools.r8.ir.conversion.o::a (270 bytes)
Event: 232.351 Thread 0x0000000019001000 nmethod 19790 0x0000000005c70090 code [0x0000000005c70440, 0x0000000005c721e8]

GC Heap History (10 events):
Event: 231.090 GC heap before
{Heap before GC invocations=22 (full 4):
 PSYoungGen      total 371712K, used 369505K [0x00000000d5580000, 0x00000000f0080000, 0x0000000100000000)
  eden space 335872K, 100% used [0x00000000d5580000,0x00000000e9d80000,0x00000000e9d80000)
  from space 35840K, 93% used [0x00000000e9d80000,0x00000000ebe58730,0x00000000ec080000)
  to   space 28672K, 0% used [0x00000000ec080000,0x00000000ec080000,0x00000000edc80000)
 ParOldGen       total 269824K, used 57603K [0x0000000080000000, 0x0000000090780000, 0x00000000d5580000)
  object space 269824K, 21% used [0x0000000080000000,0x0000000083840e10,0x0000000090780000)
 Metaspace       used 96223K, capacity 101082K, committed 101416K, reserved 1136640K
  class space    used 12499K, capacity 13468K, committed 13616K, reserved 1048576K
Event: 231.112 GC heap after
Heap after GC invocations=22 (full 4):
 PSYoungGen      total 364544K, used 28654K [0x00000000d5580000, 0x00000000f0080000, 0x0000000100000000)
  eden space 335872K, 0% used [0x00000000d5580000,0x00000000d5580000,0x00000000e9d80000)
  from space 28672K, 99% used [0x00000000ec080000,0x00000000edc7b8f0,0x00000000edc80000)
  to   space 35840K, 0% used [0x00000000e9d80000,0x00000000e9d80000,0x00000000ec080000)
 ParOldGen       total 269824K, used 65640K [0x0000000080000000, 0x0000000090780000, 0x00000000d5580000)
  object space 269824K, 24% used [0x0000000080000000,0x000000008401a0e8,0x0000000090780000)
 Metaspace       used 96223K, capacity 101082K, committed 101416K, reserved 1136640K
  class space    used 12499K, capacity 13468K, committed 13616K, reserved 1048576K
}
Event: 231.422 GC heap before
{Heap before GC invocations=23 (full 4):
 PSYoungGen      total 364544K, used 364526K [0x00000000d5580000, 0x00000000f0080000, 0x0000000100000000)
  eden space 335872K, 100% used [0x00000000d5580000,0x00000000e9d80000,0x00000000e9d80000)
  from space 28672K, 99% used [0x00000000ec080000,0x00000000edc7b8f0,0x00000000edc80000)
  to   space 35840K, 0% used [0x00000000e9d80000,0x00000000e9d80000,0x00000000ec080000)
 ParOldGen       total 269824K, used 65640K [0x0000000080000000, 0x0000000090780000, 0x00000000d5580000)
  object space 269824K, 24% used [0x0000000080000000,0x000000008401a0e8,0x0000000090780000)
 Metaspace       used 96244K, capacity 101082K, committed 101416K, reserved 1136640K
  class space    used 12499K, capacity 13468K, committed 13616K, reserved 1048576K
Event: 231.437 GC heap after
Heap after GC invocations=23 (full 4):
 PSYoungGen      total 371712K, used 10871K [0x00000000d5580000, 0x00000000f0080000, 0x0000000100000000)
  eden space 335872K, 0% used [0x00000000d5580000,0x00000000d5580000,0x00000000e9d80000)
  from space 35840K, 30% used [0x00000000e9d80000,0x00000000ea81dc70,0x00000000ec080000)
  to   space 28672K, 0% used [0x00000000ec080000,0x00000000ec080000,0x00000000edc80000)
 ParOldGen       total 269824K, used 85676K [0x0000000080000000, 0x0000000090780000, 0x00000000d5580000)
  object space 269824K, 31% used [0x0000000080000000,0x00000000853ab208,0x0000000090780000)
 Metaspace       used 96244K, capacity 101082K, committed 101416K, reserved 1136640K
  class space    used 12499K, capacity 13468K, committed 13616K, reserved 1048576K
}
Event: 231.679 GC heap before
{Heap before GC invocations=24 (full 4):
 PSYoungGen      total 371712K, used 346743K [0x00000000d5580000, 0x00000000f0080000, 0x0000000100000000)
  eden space 335872K, 100% used [0x00000000d5580000,0x00000000e9d80000,0x00000000e9d80000)
  from space 35840K, 30% used [0x00000000e9d80000,0x00000000ea81dc70,0x00000000ec080000)
  to   space 28672K, 0% used [0x00000000ec080000,0x00000000ec080000,0x00000000edc80000)
 ParOldGen       total 269824K, used 85676K [0x0000000080000000, 0x0000000090780000, 0x00000000d5580000)
  object space 269824K, 31% used [0x0000000080000000,0x00000000853ab208,0x0000000090780000)
 Metaspace       used 96287K, capacity 101090K, committed 101416K, reserved 1136640K
  class space    used 12500K, capacity 13468K, committed 13616K, reserved 1048576K
Event: 231.693 GC heap after
Heap after GC invocations=24 (full 4):
 PSYoungGen      total 364544K, used 12448K [0x00000000d5580000, 0x00000000f0080000, 0x0000000100000000)
  eden space 335872K, 0% used [0x00000000d5580000,0x00000000d5580000,0x00000000e9d80000)
  from space 28672K, 43% used [0x00000000ec080000,0x00000000ecca8060,0x00000000edc80000)
  to   space 35840K, 0% used [0x00000000e9d80000,0x00000000e9d80000,0x00000000ec080000)
 ParOldGen       total 269824K, used 92369K [0x0000000080000000, 0x0000000090780000, 0x00000000d5580000)
  object space 269824K, 34% used [0x0000000080000000,0x0000000085a34790,0x0000000090780000)
 Metaspace       used 96287K, capacity 101090K, committed 101416K, reserved 1136640K
  class space    used 12500K, capacity 13468K, committed 13616K, reserved 1048576K
}
Event: 231.989 GC heap before
{Heap before GC invocations=25 (full 4):
 PSYoungGen      total 364544K, used 348320K [0x00000000d5580000, 0x00000000f0080000, 0x0000000100000000)
  eden space 335872K, 100% used [0x00000000d5580000,0x00000000e9d80000,0x00000000e9d80000)
  from space 28672K, 43% used [0x00000000ec080000,0x00000000ecca8060,0x00000000edc80000)
  to   space 35840K, 0% used [0x00000000e9d80000,0x00000000e9d80000,0x00000000ec080000)
 ParOldGen       total 269824K, used 92369K [0x0000000080000000, 0x0000000090780000, 0x00000000d5580000)
  object space 269824K, 34% used [0x0000000080000000,0x0000000085a34790,0x0000000090780000)
 Metaspace       used 96350K, capacity 101178K, committed 101416K, reserved 1136640K
  class space    used 12503K, capacity 13470K, committed 13616K, reserved 1048576K
Event: 231.997 GC heap after
Heap after GC invocations=25 (full 4):
 PSYoungGen      total 371712K, used 6543K [0x00000000d5580000, 0x00000000f0080000, 0x0000000100000000)
  eden space 335872K, 0% used [0x00000000d5580000,0x00000000d5580000,0x00000000e9d80000)
  from space 35840K, 18% used [0x00000000e9d80000,0x00000000ea3e3c90,0x00000000ec080000)
  to   space 28672K, 0% used [0x00000000ec080000,0x00000000ec080000,0x00000000edc80000)
 ParOldGen       total 269824K, used 96995K [0x0000000080000000, 0x0000000090780000, 0x00000000d5580000)
  object space 269824K, 35% used [0x0000000080000000,0x0000000085eb8e60,0x0000000090780000)
 Metaspace       used 96350K, capacity 101178K, committed 101416K, reserved 1136640K
  class space    used 12503K, capacity 13470K, committed 13616K, reserved 1048576K
}
Event: 232.264 GC heap before
{Heap before GC invocations=26 (full 4):
 PSYoungGen      total 371712K, used 342415K [0x00000000d5580000, 0x00000000f0080000, 0x0000000100000000)
  eden space 335872K, 100% used [0x00000000d5580000,0x00000000e9d80000,0x00000000e9d80000)
  from space 35840K, 18% used [0x00000000e9d80000,0x00000000ea3e3c90,0x00000000ec080000)
  to   space 28672K, 0% used [0x00000000ec080000,0x00000000ec080000,0x00000000edc80000)
 ParOldGen       total 269824K, used 96995K [0x0000000080000000, 0x0000000090780000, 0x00000000d5580000)
  object space 269824K, 35% used [0x0000000080000000,0x0000000085eb8e60,0x0000000090780000)
 Metaspace       used 96562K, capacity 101480K, committed 101672K, reserved 1136640K
  class space    used 12542K, capacity 13519K, committed 13616K, reserved 1048576K
Event: 232.271 GC heap after
Heap after GC invocations=26 (full 4):
 PSYoungGen      total 364544K, used 4499K [0x00000000d5580000, 0x00000000f0080000, 0x0000000100000000)
  eden space 335872K, 0% used [0x00000000d5580000,0x00000000d5580000,0x00000000e9d80000)
  from space 28672K, 15% used [0x00000000ec080000,0x00000000ec4e4d00,0x00000000edc80000)
  to   space 35840K, 0% used [0x00000000e9d80000,0x00000000e9d80000,0x00000000ec080000)
 ParOldGen       total 269824K, used 102309K [0x0000000080000000, 0x0000000090780000, 0x00000000d5580000)
  object space 269824K, 37% used [0x0000000080000000,0x00000000863e9670,0x0000000090780000)
 Metaspace       used 96562K, capacity 101480K, committed 101672K, reserved 1136640K
  class space    used 12542K, capacity 13519K, committed 13616K, reserved 1048576K
}

Deoptimization events (10 events):
Event: 231.721 Thread 0x0000000019c37000 Uncommon trap: reason=unstable_if action=reinterpret pc=0x00000000033b09e8 method=java.util.Arrays.equals([Ljava/lang/Object;[Ljava/lang/Object;)Z @ 47
Event: 231.734 Thread 0x0000000019c38800 Uncommon trap: reason=class_check action=maybe_recompile pc=0x0000000003be5b5c method=com.android.tools.r8.u.a.i.e.b(Lcom/android/tools/r8/u/b/h0;)V @ 379
Event: 231.846 Thread 0x0000000019c38800 Uncommon trap: reason=bimorphic action=maybe_recompile pc=0x00000000045d9594 method=com.android.tools.r8.ir.regalloc.a.a(Lcom/android/tools/r8/u/b/m1;Ljava/util/Collection;)Z @ 1
Event: 231.846 Thread 0x0000000019c38800 Uncommon trap: reason=bimorphic action=maybe_recompile pc=0x00000000045d9594 method=com.android.tools.r8.ir.regalloc.a.a(Lcom/android/tools/r8/u/b/m1;Ljava/util/Collection;)Z @ 1
Event: 231.846 Thread 0x0000000019c38800 Uncommon trap: reason=bimorphic action=maybe_recompile pc=0x00000000045d9594 method=com.android.tools.r8.ir.regalloc.a.a(Lcom/android/tools/r8/u/b/m1;Ljava/util/Collection;)Z @ 1
Event: 231.846 Thread 0x0000000019c38800 Uncommon trap: reason=bimorphic action=maybe_recompile pc=0x00000000045d9594 method=com.android.tools.r8.ir.regalloc.a.a(Lcom/android/tools/r8/u/b/m1;Ljava/util/Collection;)Z @ 1
Event: 231.973 Thread 0x0000000019c38800 Uncommon trap: reason=unstable_if action=reinterpret pc=0x00000000053c8a04 method=java.util.TimSort.countRunAndMakeAscending([Ljava/lang/Object;IILjava/util/Comparator;)I @ 27
Event: 232.078 Thread 0x0000000020256800 Uncommon trap: reason=unstable_if action=reinterpret pc=0x0000000002b06bb0 method=java.lang.String.indexOf([CII[CIII)I @ 27
Event: 232.078 Thread 0x0000000020256800 Uncommon trap: reason=unstable_if action=reinterpret pc=0x00000000049786bc method=sun.nio.fs.WindowsPath.getFileName()Ljava/nio/file/Path; @ 45
Event: 232.189 Thread 0x0000000019c33000 Uncommon trap: reason=class_check action=maybe_recompile pc=0x0000000005b8aef4 method=com.android.tools.r8.u.a.i.e.b(Lcom/android/tools/r8/u/b/h0;)V @ 142

Classes redefined (0 events):
No events

Internal exceptions (10 events):
Event: 230.451 Thread 0x00000000202cd000 Exception <a 'sun/nio/fs/WindowsException'> (0x00000000d616eb60) thrown at [C:\src\AOSP-openjdk-git\hotspot\src\share\vm\prims\jni.cpp, line 710]
Event: 230.507 Thread 0x0000000019c37000 Exception <a 'sun/nio/fs/WindowsException'> (0x00000000d9b7a110) thrown at [C:\src\AOSP-openjdk-git\hotspot\src\share\vm\prims\jni.cpp, line 710]
Event: 230.858 Thread 0x0000000019c37000 Exception <a 'sun/nio/fs/WindowsException'> (0x00000000d75ea4d8) thrown at [C:\src\AOSP-openjdk-git\hotspot\src\share\vm\prims\jni.cpp, line 710]
Event: 231.638 Thread 0x00000000202cd000 Exception <a 'sun/nio/fs/WindowsException'> (0x00000000e6695378) thrown at [C:\src\AOSP-openjdk-git\hotspot\src\share\vm\prims\jni.cpp, line 710]
Event: 231.733 Thread 0x0000000019c37000 Exception <a 'sun/nio/fs/WindowsException'> (0x00000000d76e96c0) thrown at [C:\src\AOSP-openjdk-git\hotspot\src\share\vm\prims\jni.cpp, line 710]
Event: 231.763 Thread 0x00000000202cd000 Exception <a 'sun/nio/fs/WindowsException'> (0x00000000d56b8d30) thrown at [C:\src\AOSP-openjdk-git\hotspot\src\share\vm\prims\jni.cpp, line 710]
Event: 231.792 Thread 0x00000000202cd000 Exception <a 'sun/nio/fs/WindowsException'> (0x00000000dc7fb600) thrown at [C:\src\AOSP-openjdk-git\hotspot\src\share\vm\prims\jni.cpp, line 710]
Event: 231.919 Thread 0x0000000019c37000 Exception <a 'sun/nio/fs/WindowsException'> (0x00000000e4986a50) thrown at [C:\src\AOSP-openjdk-git\hotspot\src\share\vm\prims\jni.cpp, line 710]
Event: 232.117 Thread 0x00000000202cd000 Exception <a 'sun/nio/fs/WindowsException'> (0x00000000dac2f5a8) thrown at [C:\src\AOSP-openjdk-git\hotspot\src\share\vm\prims\jni.cpp, line 710]
Event: 232.350 Thread 0x0000000020256800 Exception <a 'java/lang/OutOfMemoryError'> (0x00000000dbecf2f0) thrown at [C:\src\AOSP-openjdk-git\hotspot\src\share\vm\prims\jni.cpp, line 737]

Events (10 events):
Event: 232.350 loading class com/google/common/util/concurrent/AbstractFuture$Failure$1
Event: 232.350 loading class com/google/common/util/concurrent/AbstractFuture$Failure$1 done
Event: 232.352 Executing VM operation: RevokeBias
Event: 232.353 Executing VM operation: RevokeBias done
Event: 232.353 Executing VM operation: RevokeBias
Event: 232.353 Executing VM operation: RevokeBias done
Event: 232.353 Executing VM operation: RevokeBias
Event: 232.353 Executing VM operation: RevokeBias done
Event: 232.353 Executing VM operation: RevokeBias
Event: 232.353 Executing VM operation: RevokeBias done


Dynamic libraries:
0x00007ff720990000 - 0x00007ff7209c1000 	D:\AStudio\jre\bin\java.exe
0x00007ff900e00000 - 0x00007ff900ff0000 	C:\WINDOWS\SYSTEM32\ntdll.dll
0x00007ff8ffe80000 - 0x00007ff8fff32000 	C:\WINDOWS\System32\KERNEL32.DLL
0x00007ff8fde00000 - 0x00007ff8fe0a5000 	C:\WINDOWS\System32\KERNELBASE.dll
0x00007ff8ffb60000 - 0x00007ff8ffc03000 	C:\WINDOWS\System32\ADVAPI32.dll
0x00007ff8ff2d0000 - 0x00007ff8ff36e000 	C:\WINDOWS\System32\msvcrt.dll
0x00007ff8ff370000 - 0x00007ff8ff407000 	C:\WINDOWS\System32\sechost.dll
0x00007ff900500000 - 0x00007ff900620000 	C:\WINDOWS\System32\RPCRT4.dll
0x00007ff8ffc80000 - 0x00007ff8ffe14000 	C:\WINDOWS\System32\USER32.dll
0x00007ff8fddd0000 - 0x00007ff8fddf1000 	C:\WINDOWS\System32\win32u.dll
0x00007ff8fef80000 - 0x00007ff8fefa6000 	C:\WINDOWS\System32\GDI32.dll
0x00007ff8fe990000 - 0x00007ff8feb26000 	C:\WINDOWS\System32\gdi32full.dll
0x00007ff8feb30000 - 0x00007ff8febce000 	C:\WINDOWS\System32\msvcp_win.dll
0x00007ff8febd0000 - 0x00007ff8fecca000 	C:\WINDOWS\System32\ucrtbase.dll
0x00007ff8e5680000 - 0x00007ff8e5904000 	C:\WINDOWS\WinSxS\amd64_microsoft.windows.common-controls_6595b64144ccf1df_6.0.18362.1198_none_9e820b57e45ad92f\COMCTL32.dll
0x00007ff8ff740000 - 0x00007ff8ffa75000 	C:\WINDOWS\System32\combase.dll
0x00007ff8fed80000 - 0x00007ff8fee00000 	C:\WINDOWS\System32\bcryptPrimitives.dll
0x00007ff8ff700000 - 0x00007ff8ff72e000 	C:\WINDOWS\System32\IMM32.DLL
0x000000005ffd0000 - 0x00000000600a2000 	D:\AStudio\jre\jre\bin\msvcr100.dll
0x000000005f780000 - 0x000000005ffcb000 	D:\AStudio\jre\jre\bin\server\jvm.dll
0x00007ff8ffc70000 - 0x00007ff8ffc78000 	C:\WINDOWS\System32\PSAPI.DLL
0x00007ff8ef980000 - 0x00007ff8ef989000 	C:\WINDOWS\SYSTEM32\WSOCK32.dll
0x00007ff8ff4c0000 - 0x00007ff8ff52f000 	C:\WINDOWS\System32\WS2_32.dll
0x00007ff8f2e60000 - 0x00007ff8f2e84000 	C:\WINDOWS\SYSTEM32\WINMM.dll
0x00007ff8f9840000 - 0x00007ff8f984a000 	C:\WINDOWS\SYSTEM32\VERSION.dll
0x00007ff8f25e0000 - 0x00007ff8f260d000 	C:\WINDOWS\SYSTEM32\winmmbase.dll
0x00007ff8fed30000 - 0x00007ff8fed7a000 	C:\WINDOWS\System32\cfgmgr32.dll
0x00007ff8f8fb0000 - 0x00007ff8f8fbf000 	D:\AStudio\jre\jre\bin\verify.dll
0x00007ff8f0c00000 - 0x00007ff8f0c29000 	D:\AStudio\jre\jre\bin\java.dll
0x00007ff8e7780000 - 0x00007ff8e7796000 	D:\AStudio\jre\jre\bin\zip.dll
0x00007ff9006d0000 - 0x00007ff900db7000 	C:\WINDOWS\System32\SHELL32.dll
0x00007ff900620000 - 0x00007ff9006c9000 	C:\WINDOWS\System32\shcore.dll
0x00007ff8fe200000 - 0x00007ff8fe981000 	C:\WINDOWS\System32\windows.storage.dll
0x00007ff8fdce0000 - 0x00007ff8fdd03000 	C:\WINDOWS\System32\profapi.dll
0x00007ff8fdd30000 - 0x00007ff8fdd7a000 	C:\WINDOWS\System32\powrprof.dll
0x00007ff8fdcb0000 - 0x00007ff8fdcc0000 	C:\WINDOWS\System32\UMPDC.dll
0x00007ff8ffb00000 - 0x00007ff8ffb52000 	C:\WINDOWS\System32\shlwapi.dll
0x00007ff8fdd10000 - 0x00007ff8fdd21000 	C:\WINDOWS\System32\kernel.appcore.dll
0x00007ff8fdd80000 - 0x00007ff8fdd97000 	C:\WINDOWS\System32\cryptsp.dll
0x00007ff8e76c0000 - 0x00007ff8e76da000 	D:\AStudio\jre\jre\bin\net.dll
0x00007ff8fd4a0000 - 0x00007ff8fd507000 	C:\WINDOWS\system32\mswsock.dll
0x00007ff8e6770000 - 0x00007ff8e6783000 	D:\AStudio\jre\jre\bin\nio.dll
0x00007ff8d91e0000 - 0x00007ff8d9206000 	C:\Users\DF\.gradle\native\31\windows-amd64\native-platform.dll
0x00007ff8f36f0000 - 0x00007ff8f36fd000 	D:\AStudio\jre\jre\bin\management.dll
0x00007ff8fd010000 - 0x00007ff8fd043000 	C:\WINDOWS\system32\rsaenh.dll
0x00007ff8fdda0000 - 0x00007ff8fddc6000 	C:\WINDOWS\System32\bcrypt.dll
0x00007ff8fdb90000 - 0x00007ff8fdbb5000 	C:\WINDOWS\SYSTEM32\USERENV.dll
0x00007ff8fd6d0000 - 0x00007ff8fd6dc000 	C:\WINDOWS\SYSTEM32\CRYPTBASE.dll
0x00007ff8fd1b0000 - 0x00007ff8fd1ea000 	C:\WINDOWS\SYSTEM32\IPHLPAPI.DLL
0x00007ff8ff2c0000 - 0x00007ff8ff2c8000 	C:\WINDOWS\System32\NSI.dll
0x00007ff8f6dd0000 - 0x00007ff8f6de6000 	C:\WINDOWS\SYSTEM32\dhcpcsvc6.DLL
0x00007ff8f6db0000 - 0x00007ff8f6dcc000 	C:\WINDOWS\SYSTEM32\dhcpcsvc.DLL
0x00007ff8fd1f0000 - 0x00007ff8fd2bb000 	C:\WINDOWS\SYSTEM32\DNSAPI.dll

VM Arguments:
jvm_args: -Xmx2048m -Dfile.encoding=GBK -Duser.country=CN -Duser.language=zh -Duser.variant 
java_command: org.gradle.launcher.daemon.bootstrap.GradleDaemon 6.1.1
java_class_path (initial): C:\Users\DF\.gradle\wrapper\dists\gradle-6.1.1-all\cfmwm155h49vnt3hynmlrsdst\gradle-6.1.1\lib\gradle-launcher-6.1.1.jar
Launcher Type: SUN_STANDARD

Environment Variables:
JAVA_HOME=C:\Program Files\Java\jdk-12.0.2
CLASSPATH=.;C:\Program Files\Java\jdk-12.0.2\lib\dt.jar;C:\Program Files\Java\jdk-12.0.2\lib\tools.jar;
PATH=D:\NetSarang\Xshell 6\;D:\NetSarang\Xftp 6\;C:\Program Files (x86)\Common Files\Intel\Shared Libraries\redist\intel64\compiler;C:\WINDOWS\system32;C:\WINDOWS;C:\WINDOWS\System32\Wbem;C:\WINDOWS\System32\WindowsPowerShell\v1.0\;C:\Program Files\Java\jdk-12.0.2\bin;C:\Program Files\Java\jdk-12.0.2\jre\bin;D:\Git\cmd;C:\ProgramData\chocolatey\bin;C:\Program Files\PowerShell\7\;C:\WINDOWS\System32\OpenSSH\;D:\apache-tomcat-8.5.57\bin;D:\apache-maven-3.5.4\bin;%M2_HOME$\bin;D:\mongodb-4.2.9\bin;C:\Users\DF\AppData\Local\Programs\Python\Python37\Scripts\;C:\Users\DF\AppData\Local\Programs\Python\Python37\;C:\Users\DF\AppData\Local\Microsoft\WindowsApps;D:\PyCharm 2019.1.3\bin;;D:\Microsoft VS Code\bin;D:\anaconda;D:\anaconda\Scripts;D:\anaconda\Library\bin;D:\mysql-5.6.46-winx64\bin;D:\mongodb-4.2.9\bin;E:\SDK\platform-tools;
USERNAME=DF
OS=Windows_NT
PROCESSOR_IDENTIFIER=Intel64 Family 6 Model 158 Stepping 10, GenuineIntel



---------------  S Y S T E M  ---------------

OS: Windows 10.0 , 64 bit Build 18362 (10.0.18362.1110)

CPU:total 6 (initial active 6) (6 cores per cpu, 1 threads per core) family 6 model 158 stepping 10, cmov, cx8, fxsr, mmx, sse, sse2, sse3, ssse3, sse4.1, sse4.2, popcnt, avx, avx2, aes, clmul, erms, 3dnowpref, lzcnt, tsc, tscinvbit, bmi1, bmi2, adx

Memory: 4k page, physical 16621100k(1680648k free), swap 31120796k(4096k free)

vm_info: OpenJDK 64-Bit Server VM (25.242-b01) for windows-amd64 JRE (1.8.0_242-release-1644-b01), built by "builder" with MS VC++ 10.0 (VS2010)

time: Thu Dec 03 21:52:51 2020
timezone: 中国标准时间
elapsed time: 232 seconds (0d 0h 3m 52s)

